#
# A fatal error has been detected by the Java Runtime Environment:
#
#  SIGBUS (0xa) at pc=0x000000010c73be92, pid=3457, tid=0x0000000000002803
#
# JRE version: Java(TM) SE Runtime Environment (8.0_221-b11) (build 1.8.0_221-b11)
# Java VM: Java HotSpot(TM) 64-Bit Server VM (25.221-b11 mixed mode bsd-amd64 compressed oops)
# Problematic frame:
# C  [libzip.dylib+0x2e92]  newEntry+0x154
#
# Failed to write core dump. Core dumps have been disabled. To enable core dumping, try "ulimit -c unlimited" before starting Java again
#
# If you would like to submit a bug report, please visit:
#   http://bugreport.java.com/bugreport/crash.jsp
# The crash happened outside the Java Virtual Machine in native code.
# See problematic frame for where to report the bug.
#

---------------  T H R E A D  ---------------

Current thread (0x00007fcae0808800):  JavaThread "main" [_thread_in_native, id=10243, stack(0x000070000aafd000,0x000070000abfd000)]

siginfo: si_signo: 10 (SIGBUS), si_code: 2 (BUS_ADRERR), si_addr: 0x00000001123d1ec9

Registers:
RAX=0x00007fcadf75ee00, RBX=0x00000001123d1ebd, RCX=0x0000000000000000, RDX=0x0000000000008000
RSP=0x000070000abf90a0, RBP=0x000070000abf9100, RSI=0x00000000ae1f3daf, RDI=0x00000000000003db
R8 =0x00000000ae1f3dab, R9 =0x00000000ffff87ff, R10=0x00007fcae1f00000, R11=0x0000000000000025
R12=0x00007fcae0314a00, R13=0x0000000000000820, R14=0x000000005bdf7143, R15=0x00007fcae1b965c0
RIP=0x000000010c73be92, EFLAGS=0x0000000000010206, ERR=0x0000000000000004
  TRAPNO=0x000000000000000e

Top of Stack: (sp=0x000070000abf90a0)
0x000070000abf90a0:   0000003000000010 000000000abf9590
0x000070000abf90b0:   000070000abf94b0 0000000000000000
0x000070000abf90c0:   000070000abf90e0 00007fcadf75ee00
0x000070000abf90d0:   00007fcae1f3daa0 00007fcadf75ee00
0x000070000abf90e0:   00007fcae0314a00 0000000000000820
0x000070000abf90f0:   000000005bdf7143 00007fcae1b965c0
0x000070000abf9100:   000070000abf9160 000000010c73c52d
0x000070000abf9110:   000070000abf91a8 000070000abf91a7
0x000070000abf9120:   0000002800000000 0000002901808800
0x000070000abf9130:   000070000abf917e 000070000abf95c8
0x000070000abf9140:   0000000000000029 000070000abf917e
0x000070000abf9150:   00007fcadf75ee00 00007fcae08089f8
0x000070000abf9160:   000070000abf95b0 000000010c73b238
0x000070000abf9170:   000070000abf9159 4557000800000001
0x000070000abf9180:   696c2f464e492d42 676e697270732f62
0x000070000abf9190:   2e352d65726f632d 454c45522e312e32
0x000070000abf91a0:   0072616a2e455341 000070000abf9920
0x000070000abf91b0:   0000000000000000 000070000abf9920
0x000070000abf91c0:   00000001174dadcc 00000001174d9dd0
0x000070000abf91d0:   0000000000000000 0000000780adde78
0x000070000abf91e0:   000070000abf9920 00007fcae0808800
0x000070000abf91f0:   824882948d0300aa 000070000abf9320
0x000070000abf9200:   000070000abf9280 000000010d4ee5d5
0x000070000abf9210:   ffffffffffffffff 0000000000000050
0x000070000abf9220:   0000000200000009 00007fcadf5103f0
0x000070000abf9230:   000070000abf9280 000000010d29e6b9
0x000070000abf9240:   0000000000000000 0000000000000000
0x000070000abf9250:   0000000000000000 00007fcadf51c480
0x000070000abf9260:   00007fcadf5103f0 00000001166c6600
0x000070000abf9270:   000070000abf9290 0000000000000002
0x000070000abf9280:   000070000abf92c0 000000010d4ee64a
0x000070000abf9290:   00000000bb000000 0000700000000000 

Instructions: (pc=0x000000010c73be92)
0x000000010c73be72:   49 8b 7f 38 e8 5b 1b 00 00 4d 89 77 38 49 89 5f
0x000000010c73be82:   40 4c 89 f0 48 85 c0 0f 84 11 05 00 00 48 89 c3
0x000000010c73be92:   0f b6 43 0c 0f b6 4b 0d 48 c1 e1 08 48 01 c1 0f
0x000000010c73bea2:   b6 43 0e 0f b6 53 0f 48 c1 e2 08 48 01 c2 48 c1 

Register to memory mapping:

RAX=0x00007fcadf75ee00 is an unknown value
RBX=0x00000001123d1ebd is an unknown value
RCX=0x0000000000000000 is an unknown value
RDX=0x0000000000008000 is an unknown value
RSP=0x000070000abf90a0 is pointing into the stack for thread: 0x00007fcae0808800
RBP=0x000070000abf9100 is pointing into the stack for thread: 0x00007fcae0808800
RSI=0x00000000ae1f3daf is an unknown value
RDI=0x00000000000003db is an unknown value
R8 =0x00000000ae1f3dab is an unknown value
R9 =0x00000000ffff87ff is an unknown value
R10=0x00007fcae1f00000 is an unknown value
R11=0x0000000000000025 is an unknown value
R12=0x00007fcae0314a00 is an unknown value
R13=0x0000000000000820 is an unknown value
R14=0x000000005bdf7143 is an unknown value
R15=0x00007fcae1b965c0 is an unknown value


Stack: [0x000070000aafd000,0x000070000abfd000],  sp=0x000070000abf90a0,  free space=1008k
Native frames: (J=compiled Java code, j=interpreted, Vv=VM code, C=native code)
C  [libzip.dylib+0x2e92]  newEntry+0x154
C  [libzip.dylib+0x352d]  ZIP_GetEntry2+0xd4
C  [libzip.dylib+0x2238]  Java_java_util_zip_ZipFile_getEntry+0xcf
J 395  java.util.zip.ZipFile.getEntry(J[BZ)J (0 bytes) @ 0x0000000116888b0e [0x0000000116888a40+0xce]
J 1021 C2 java.util.jar.JarFile.getEntry(Ljava/lang/String;)Ljava/util/zip/ZipEntry; (22 bytes) @ 0x0000000116a70f50 [0x0000000116a70be0+0x370]
J 1797 C2 org.apache.catalina.webresources.JarWarResource.getJarInputStreamWrapper()Lorg/apache/catalina/webresources/AbstractArchiveResource$JarInputStreamWrapper; (278 bytes) @ 0x0000000116d3d9f0 [0x0000000116d3d900+0xf0]
j  org.apache.catalina.webresources.AbstractArchiveResource.getContent()[B+67
j  org.apache.catalina.loader.WebappClassLoaderBase.findClassInternal(Ljava/lang/String;)Ljava/lang/Class;+226
J 4781 C2 org.apache.catalina.loader.WebappClassLoaderBase.findClass(Ljava/lang/String;)Ljava/lang/Class; (545 bytes) @ 0x0000000116cfb1ac [0x0000000116cfb0e0+0xcc]
J 4428 C2 org.apache.catalina.loader.WebappClassLoaderBase.loadClass(Ljava/lang/String;Z)Ljava/lang/Class; (707 bytes) @ 0x00000001174dae90 [0x00000001174da220+0xc70]
J 4418 C2 org.apache.catalina.loader.WebappClassLoaderBase.loadClass(Ljava/lang/String;)Ljava/lang/Class; (7 bytes) @ 0x00000001174840d4 [0x00000001174840a0+0x34]
v  ~StubRoutines::call_stub
V  [libjvm.dylib+0x2f0d1e]  JavaCalls::call_helper(JavaValue*, methodHandle*, JavaCallArguments*, Thread*)+0x6ae
V  [libjvm.dylib+0x2f14c2]  JavaCalls::call_virtual(JavaValue*, KlassHandle, Symbol*, Symbol*, JavaCallArguments*, Thread*)+0x164
V  [libjvm.dylib+0x2f161a]  JavaCalls::call_virtual(JavaValue*, Handle, KlassHandle, Symbol*, Symbol*, Handle, Thread*)+0x56
V  [libjvm.dylib+0x54194c]  SystemDictionary::load_instance_class(Symbol*, Handle, Thread*)+0x2d8
V  [libjvm.dylib+0x5410f6]  SystemDictionary::resolve_instance_class_or_null(Symbol*, Handle, Handle, Thread*)+0x484
V  [libjvm.dylib+0x541b68]  SystemDictionary::resolve_or_null(Symbol*, Handle, Handle, Thread*)+0x106
V  [libjvm.dylib+0x54221b]  SystemDictionary::resolve_or_fail(Symbol*, Handle, Handle, bool, Thread*)+0x31
V  [libjvm.dylib+0x1e43a4]  ConstantPool::klass_at_impl(constantPoolHandle, int, Thread*)+0x2f0
V  [libjvm.dylib+0x4554ba]  ConstantPool::klass_at(int, Thread*)+0x92
V  [libjvm.dylib+0x2ec711]  InterpreterRuntime::_new(JavaThread*, ConstantPool*, int)+0x2d
j  org.springframework.util.ConcurrentReferenceHashMap.entrySet()Ljava/util/Set;+9
j  java.util.AbstractMap$1$1.<init>(Ljava/util/AbstractMap$1;)V+17
j  java.util.AbstractMap$1.iterator()Ljava/util/Iterator;+5
j  java.util.Collection.removeIf(Ljava/util/function/Predicate;)Z+8
j  org.springframework.beans.CachedIntrospectionResults.clearClassLoader(Ljava/lang/ClassLoader;)V+49
j  org.springframework.context.support.AbstractApplicationContext.resetCommonCaches()V+13
j  org.springframework.context.support.AbstractApplicationContext.refresh()V+123
j  org.springframework.boot.web.servlet.context.ServletWebServerApplicationContext.refresh()V+1
j  org.springframework.boot.SpringApplication.refresh(Lorg/springframework/context/ApplicationContext;)V+10
j  org.springframework.boot.SpringApplication.refreshContext(Lorg/springframework/context/ConfigurableApplicationContext;)V+2
j  org.springframework.boot.SpringApplication.run([Ljava/lang/String;)Lorg/springframework/context/ConfigurableApplicationContext;+118
j  org.springframework.boot.web.servlet.support.SpringBootServletInitializer.run(Lorg/springframework/boot/SpringApplication;)Lorg/springframework/web/context/WebApplicationContext;+5
j  org.springframework.boot.web.servlet.support.SpringBootServletInitializer.createRootApplicationContext(Ljavax/servlet/ServletContext;)Lorg/springframework/web/context/WebApplicationContext;+213
j  org.springframework.boot.web.servlet.support.SpringBootServletInitializer.onStartup(Ljavax/servlet/ServletContext;)V+13
j  org.springframework.web.SpringServletContainerInitializer.onStartup(Ljava/util/Set;Ljavax/servlet/ServletContext;)V+202
j  org.apache.catalina.core.StandardContext.startInternal()V+1061
j  org.apache.catalina.util.LifecycleBase.start()V+210
j  org.apache.catalina.core.ContainerBase.addChildInternal(Lorg/apache/catalina/Container;)V+169
j  org.apache.catalina.core.ContainerBase.addChild(Lorg/apache/catalina/Container;)V+26
j  org.apache.catalina.core.StandardHost.addChild(Lorg/apache/catalina/Container;)V+79
j  org.apache.catalina.startup.HostConfig.deployWAR(Lorg/apache/catalina/util/ContextName;Ljava/io/File;)V+1766
j  org.apache.catalina.startup.HostConfig$DeployWar.run()V+12
j  java.util.concurrent.Executors$RunnableAdapter.call()Ljava/lang/Object;+4
j  java.util.concurrent.FutureTask.run()V+42
j  org.apache.tomcat.util.threads.InlineExecutorService.execute(Ljava/lang/Runnable;)V+38
j  java.util.concurrent.AbstractExecutorService.submit(Ljava/lang/Runnable;)Ljava/util/concurrent/Future;+21
j  org.apache.catalina.startup.HostConfig.deployWARs(Ljava/io/File;[Ljava/lang/String;)V+400
j  org.apache.catalina.startup.HostConfig.deployApps()V+41
j  org.apache.catalina.startup.HostConfig.start()V+233
j  org.apache.catalina.startup.HostConfig.lifecycleEvent(Lorg/apache/catalina/LifecycleEvent;)V+161
j  org.apache.catalina.util.LifecycleBase.fireLifecycleEvent(Ljava/lang/String;Ljava/lang/Object;)V+47
j  org.apache.catalina.util.LifecycleBase.setStateInternal(Lorg/apache/catalina/LifecycleState;Ljava/lang/Object;Z)V+140
j  org.apache.catalina.util.LifecycleBase.setState(Lorg/apache/catalina/LifecycleState;)V+4
j  org.apache.catalina.core.ContainerBase.startInternal()V+251
j  org.apache.catalina.core.StandardHost.startInternal()V+153
j  org.apache.catalina.util.LifecycleBase.start()V+210
j  org.apache.catalina.core.ContainerBase$StartChild.call()Ljava/lang/Void;+4
j  org.apache.catalina.core.ContainerBase$StartChild.call()Ljava/lang/Object;+1
j  java.util.concurrent.FutureTask.run()V+42
j  org.apache.tomcat.util.threads.InlineExecutorService.execute(Ljava/lang/Runnable;)V+38
j  java.util.concurrent.AbstractExecutorService.submit(Ljava/util/concurrent/Callable;)Ljava/util/concurrent/Future;+20
j  org.apache.catalina.core.ContainerBase.startInternal()V+93
j  org.apache.catalina.core.StandardEngine.startInternal()V+38
j  org.apache.catalina.util.LifecycleBase.start()V+210
j  org.apache.catalina.core.StandardService.startInternal()V+63
j  org.apache.catalina.util.LifecycleBase.start()V+210
j  org.apache.catalina.core.StandardServer.startInternal()V+45
j  org.apache.catalina.util.LifecycleBase.start()V+210
j  org.apache.catalina.startup.Catalina.start()V+43
v  ~StubRoutines::call_stub
V  [libjvm.dylib+0x2f0d1e]  JavaCalls::call_helper(JavaValue*, methodHandle*, JavaCallArguments*, Thread*)+0x6ae
V  [libjvm.dylib+0x4d7790]  Reflection::invoke(instanceKlassHandle, methodHandle, Handle, bool, objArrayHandle, BasicType, objArrayHandle, bool, Thread*)+0xe12
V  [libjvm.dylib+0x4d7cc4]  Reflection::invoke_method(oopDesc*, Handle, objArrayHandle, Thread*)+0x16c
V  [libjvm.dylib+0x34926c]  JVM_InvokeMethod+0x166
j  sun.reflect.NativeMethodAccessorImpl.invoke0(Ljava/lang/reflect/Method;Ljava/lang/Object;[Ljava/lang/Object;)Ljava/lang/Object;+0
j  sun.reflect.NativeMethodAccessorImpl.invoke(Ljava/lang/Object;[Ljava/lang/Object;)Ljava/lang/Object;+100
J 946 C1 sun.reflect.DelegatingMethodAccessorImpl.invoke(Ljava/lang/Object;[Ljava/lang/Object;)Ljava/lang/Object; (10 bytes) @ 0x0000000116a042cc [0x0000000116a041c0+0x10c]
J 939 C1 java.lang.reflect.Method.invoke(Ljava/lang/Object;[Ljava/lang/Object;)Ljava/lang/Object; (62 bytes) @ 0x0000000116a00f1c [0x0000000116a00b20+0x3fc]
j  org.apache.catalina.startup.Bootstrap.start()V+37
j  org.apache.catalina.startup.Bootstrap.main([Ljava/lang/String;)V+170
v  ~StubRoutines::call_stub
V  [libjvm.dylib+0x2f0d1e]  JavaCalls::call_helper(JavaValue*, methodHandle*, JavaCallArguments*, Thread*)+0x6ae
V  [libjvm.dylib+0x327cc5]  jni_invoke_static(JNIEnv_*, JavaValue*, _jobject*, JNICallType, _jmethodID*, JNI_ArgumentPusher*, Thread*)+0x1bf
V  [libjvm.dylib+0x320a51]  jni_CallStaticVoidMethod+0x15d
C  [java+0x38c6]  JavaMain+0x9c4
C  [libsystem_pthread.dylib+0x32eb]  _pthread_body+0x7e
C  [libsystem_pthread.dylib+0x6249]  _pthread_start+0x42
C  [libsystem_pthread.dylib+0x240d]  thread_start+0xd
C  0x0000000000000000

Java frames: (J=compiled Java code, j=interpreted, Vv=VM code)
J 395  java.util.zip.ZipFile.getEntry(J[BZ)J (0 bytes) @ 0x0000000116888a98 [0x0000000116888a40+0x58]
J 1021 C2 java.util.jar.JarFile.getEntry(Ljava/lang/String;)Ljava/util/zip/ZipEntry; (22 bytes) @ 0x0000000116a70f50 [0x0000000116a70be0+0x370]
J 1797 C2 org.apache.catalina.webresources.JarWarResource.getJarInputStreamWrapper()Lorg/apache/catalina/webresources/AbstractArchiveResource$JarInputStreamWrapper; (278 bytes) @ 0x0000000116d3d9f0 [0x0000000116d3d900+0xf0]
j  org.apache.catalina.webresources.AbstractArchiveResource.getContent()[B+67
j  org.apache.catalina.loader.WebappClassLoaderBase.findClassInternal(Ljava/lang/String;)Ljava/lang/Class;+226
J 4781 C2 org.apache.catalina.loader.WebappClassLoaderBase.findClass(Ljava/lang/String;)Ljava/lang/Class; (545 bytes) @ 0x0000000116cfb1ac [0x0000000116cfb0e0+0xcc]
J 4428 C2 org.apache.catalina.loader.WebappClassLoaderBase.loadClass(Ljava/lang/String;Z)Ljava/lang/Class; (707 bytes) @ 0x00000001174dae90 [0x00000001174da220+0xc70]
J 4418 C2 org.apache.catalina.loader.WebappClassLoaderBase.loadClass(Ljava/lang/String;)Ljava/lang/Class; (7 bytes) @ 0x00000001174840d4 [0x00000001174840a0+0x34]
v  ~StubRoutines::call_stub
j  org.springframework.util.ConcurrentReferenceHashMap.entrySet()Ljava/util/Set;+9
j  java.util.AbstractMap$1$1.<init>(Ljava/util/AbstractMap$1;)V+17
j  java.util.AbstractMap$1.iterator()Ljava/util/Iterator;+5
j  java.util.Collection.removeIf(Ljava/util/function/Predicate;)Z+8
j  org.springframework.beans.CachedIntrospectionResults.clearClassLoader(Ljava/lang/ClassLoader;)V+49
j  org.springframework.context.support.AbstractApplicationContext.resetCommonCaches()V+13
j  org.springframework.context.support.AbstractApplicationContext.refresh()V+123
j  org.springframework.boot.web.servlet.context.ServletWebServerApplicationContext.refresh()V+1
j  org.springframework.boot.SpringApplication.refresh(Lorg/springframework/context/ApplicationContext;)V+10
j  org.springframework.boot.SpringApplication.refreshContext(Lorg/springframework/context/ConfigurableApplicationContext;)V+2
j  org.springframework.boot.SpringApplication.run([Ljava/lang/String;)Lorg/springframework/context/ConfigurableApplicationContext;+118
j  org.springframework.boot.web.servlet.support.SpringBootServletInitializer.run(Lorg/springframework/boot/SpringApplication;)Lorg/springframework/web/context/WebApplicationContext;+5
j  org.springframework.boot.web.servlet.support.SpringBootServletInitializer.createRootApplicationContext(Ljavax/servlet/ServletContext;)Lorg/springframework/web/context/WebApplicationContext;+213
j  org.springframework.boot.web.servlet.support.SpringBootServletInitializer.onStartup(Ljavax/servlet/ServletContext;)V+13
j  org.springframework.web.SpringServletContainerInitializer.onStartup(Ljava/util/Set;Ljavax/servlet/ServletContext;)V+202
j  org.apache.catalina.core.StandardContext.startInternal()V+1061
j  org.apache.catalina.util.LifecycleBase.start()V+210
j  org.apache.catalina.core.ContainerBase.addChildInternal(Lorg/apache/catalina/Container;)V+169
j  org.apache.catalina.core.ContainerBase.addChild(Lorg/apache/catalina/Container;)V+26
j  org.apache.catalina.core.StandardHost.addChild(Lorg/apache/catalina/Container;)V+79
j  org.apache.catalina.startup.HostConfig.deployWAR(Lorg/apache/catalina/util/ContextName;Ljava/io/File;)V+1766
j  org.apache.catalina.startup.HostConfig$DeployWar.run()V+12
j  java.util.concurrent.Executors$RunnableAdapter.call()Ljava/lang/Object;+4
j  java.util.concurrent.FutureTask.run()V+42
j  org.apache.tomcat.util.threads.InlineExecutorService.execute(Ljava/lang/Runnable;)V+38
j  java.util.concurrent.AbstractExecutorService.submit(Ljava/lang/Runnable;)Ljava/util/concurrent/Future;+21
j  org.apache.catalina.startup.HostConfig.deployWARs(Ljava/io/File;[Ljava/lang/String;)V+400
j  org.apache.catalina.startup.HostConfig.deployApps()V+41
j  org.apache.catalina.startup.HostConfig.start()V+233
j  org.apache.catalina.startup.HostConfig.lifecycleEvent(Lorg/apache/catalina/LifecycleEvent;)V+161
j  org.apache.catalina.util.LifecycleBase.fireLifecycleEvent(Ljava/lang/String;Ljava/lang/Object;)V+47
j  org.apache.catalina.util.LifecycleBase.setStateInternal(Lorg/apache/catalina/LifecycleState;Ljava/lang/Object;Z)V+140
j  org.apache.catalina.util.LifecycleBase.setState(Lorg/apache/catalina/LifecycleState;)V+4
j  org.apache.catalina.core.ContainerBase.startInternal()V+251
j  org.apache.catalina.core.StandardHost.startInternal()V+153
j  org.apache.catalina.util.LifecycleBase.start()V+210
j  org.apache.catalina.core.ContainerBase$StartChild.call()Ljava/lang/Void;+4
j  org.apache.catalina.core.ContainerBase$StartChild.call()Ljava/lang/Object;+1
j  java.util.concurrent.FutureTask.run()V+42
j  org.apache.tomcat.util.threads.InlineExecutorService.execute(Ljava/lang/Runnable;)V+38
j  java.util.concurrent.AbstractExecutorService.submit(Ljava/util/concurrent/Callable;)Ljava/util/concurrent/Future;+20
j  org.apache.catalina.core.ContainerBase.startInternal()V+93
j  org.apache.catalina.core.StandardEngine.startInternal()V+38
j  org.apache.catalina.util.LifecycleBase.start()V+210
j  org.apache.catalina.core.StandardService.startInternal()V+63
j  org.apache.catalina.util.LifecycleBase.start()V+210
j  org.apache.catalina.core.StandardServer.startInternal()V+45
j  org.apache.catalina.util.LifecycleBase.start()V+210
j  org.apache.catalina.startup.Catalina.start()V+43
v  ~StubRoutines::call_stub
j  sun.reflect.NativeMethodAccessorImpl.invoke0(Ljava/lang/reflect/Method;Ljava/lang/Object;[Ljava/lang/Object;)Ljava/lang/Object;+0
j  sun.reflect.NativeMethodAccessorImpl.invoke(Ljava/lang/Object;[Ljava/lang/Object;)Ljava/lang/Object;+100
J 946 C1 sun.reflect.DelegatingMethodAccessorImpl.invoke(Ljava/lang/Object;[Ljava/lang/Object;)Ljava/lang/Object; (10 bytes) @ 0x0000000116a042cc [0x0000000116a041c0+0x10c]
J 939 C1 java.lang.reflect.Method.invoke(Ljava/lang/Object;[Ljava/lang/Object;)Ljava/lang/Object; (62 bytes) @ 0x0000000116a00f1c [0x0000000116a00b20+0x3fc]
j  org.apache.catalina.startup.Bootstrap.start()V+37
j  org.apache.catalina.startup.Bootstrap.main([Ljava/lang/String;)V+170
v  ~StubRoutines::call_stub

---------------  P R O C E S S  ---------------

Java Threads: ( => current thread )
  0x00007fcae332d000 JavaThread "mysql-cj-abandoned-connection-cleanup" daemon [_thread_blocked, id=2827, stack(0x000070000bc30000,0x000070000bd30000)]
  0x00007fcae015f800 JavaThread "GC Daemon" daemon [_thread_blocked, id=16899, stack(0x000070000bb2d000,0x000070000bc2d000)]
  0x00007fcae106c800 JavaThread "FileHandlerLogFilesCleaner-1" daemon [_thread_blocked, id=16387, stack(0x000070000ba2a000,0x000070000bb2a000)]
  0x00007fcae1064800 JavaThread "AsyncFileHandlerWriter-789451787" daemon [_thread_blocked, id=18435, stack(0x000070000b927000,0x000070000ba27000)]
  0x00007fcadf82c000 JavaThread "Service Thread" daemon [_thread_blocked, id=15363, stack(0x000070000b721000,0x000070000b821000)]
  0x00007fcadf801000 JavaThread "C1 CompilerThread2" daemon [_thread_blocked, id=14851, stack(0x000070000b61e000,0x000070000b71e000)]
  0x00007fcadf823000 JavaThread "C2 CompilerThread1" daemon [_thread_blocked, id=14339, stack(0x000070000b51b000,0x000070000b61b000)]
  0x00007fcae0004000 JavaThread "C2 CompilerThread0" daemon [_thread_blocked, id=18947, stack(0x000070000b418000,0x000070000b518000)]
  0x00007fcae085f800 JavaThread "Signal Dispatcher" daemon [_thread_blocked, id=13827, stack(0x000070000b315000,0x000070000b415000)]
  0x00007fcadf81f800 JavaThread "Finalizer" daemon [_thread_blocked, id=20739, stack(0x000070000b212000,0x000070000b312000)]
  0x00007fcae083f000 JavaThread "Reference Handler" daemon [_thread_blocked, id=12291, stack(0x000070000b10f000,0x000070000b20f000)]
=>0x00007fcae0808800 JavaThread "main" [_thread_in_native, id=10243, stack(0x000070000aafd000,0x000070000abfd000)]

Other Threads:
  0x00007fcadf81d000 VMThread [stack: 0x000070000b00c000,0x000070000b10c000] [id=12035]
  0x00007fcadf835000 WatcherThread [stack: 0x000070000b824000,0x000070000b924000] [id=18691]

VM state:not at safepoint (normal execution)

VM Mutex/Monitor currently owned by a thread: None

heap address: 0x0000000780000000, size: 1024 MB, Compressed Oops mode: Zero based, Oop shift amount: 3
Narrow klass base: 0x0000000000000000, Narrow klass shift: 3
Compressed class space size: 1073741824 Address: 0x00000007c0000000

Heap:
 PSYoungGen      total 174080K, used 15565K [0x00000007aab00000, 0x00000007bee80000, 0x00000007c0000000)
  eden space 173056K, 8% used [0x00000007aab00000,0x00000007ab9c9a30,0x00000007b5400000)
  from space 1024K, 41% used [0x00000007bec80000,0x00000007bece9cf0,0x00000007bed80000)
  to   space 1024K, 0% used [0x00000007bed80000,0x00000007bed80000,0x00000007bee80000)
 ParOldGen       total 38400K, used 33395K [0x0000000780000000, 0x0000000782580000, 0x00000007aab00000)
  object space 38400K, 86% used [0x0000000780000000,0x000000078209cc30,0x0000000782580000)
 Metaspace       used 46518K, capacity 48578K, committed 48892K, reserved 1091584K
  class space    used 6142K, capacity 6557K, committed 6652K, reserved 1048576K

Card table byte_map: [0x000000010e379000,0x000000010e57a000] byte_map_base: 0x000000010a779000

Marking Bits: (ParMarkBitMap*) 0x000000010d8fbe40
 Begin Bits: [0x000000010e6d0000, 0x000000010f6d0000)
 End Bits:   [0x000000010f6d0000, 0x00000001106d0000)

Polling page: 0x000000010c6ef000

CodeCache: size=245760Kb used=14377Kb max_used=15364Kb free=231382Kb
 bounds [0x00000001166b3000, 0x00000001175d3000, 0x00000001256b3000]
 total_blobs=4542 nmethods=4057 adapters=396
 compilation: enabled

Compilation events (10 events):
Event: 231.531 Thread 0x00007fcadf801000 nmethod 4852 0x000000011716b690 code [0x000000011716b800, 0x000000011716ba28]
Event: 231.534 Thread 0x00007fcadf801000 4853       1       org.springframework.util.ConcurrentReferenceHashMap$Segment::createReferenceArray (5 bytes)
Event: 231.534 Thread 0x00007fcadf801000 nmethod 4853 0x000000011748efd0 code [0x000000011748f120, 0x000000011748f2b0]
Event: 231.534 Thread 0x00007fcadf801000 4854   !   3       org.springframework.util.ConcurrentReferenceHashMap$Segment::clear (69 bytes)
Event: 231.535 Thread 0x00007fcadf801000 nmethod 4854 0x0000000117489790 code [0x0000000117489960, 0x000000011748a3e8]
Event: 231.535 Thread 0x00007fcadf801000 4855       3       org.springframework.util.ConcurrentReferenceHashMap::getLoadFactor (5 bytes)
Event: 231.535 Thread 0x00007fcadf823000 4857   !   4       java.lang.invoke.MemberName::getMethodType (208 bytes)
Event: 231.535 Thread 0x00007fcadf801000 nmethod 4855 0x0000000116cc6690 code [0x0000000116cc67e0, 0x0000000116cc6930]
Event: 231.535 Thread 0x00007fcadf801000 4856       3       java.util.concurrent.atomic.AtomicInteger::set (6 bytes)
Event: 231.535 Thread 0x00007fcadf801000 nmethod 4856 0x0000000116e65a50 code [0x0000000116e65ba0, 0x0000000116e65cf0]

GC Heap History (10 events):
Event: 227.955 GC heap before
{Heap before GC invocations=229 (full 2):
 PSYoungGen      total 217600K, used 217417K [0x00000007aab00000, 0x00000007bef00000, 0x00000007c0000000)
  eden space 217088K, 100% used [0x00000007aab00000,0x00000007b7f00000,0x00000007b7f00000)
  from space 512K, 64% used [0x00000007bee80000,0x00000007beed26d8,0x00000007bef00000)
  to   space 512K, 0% used [0x00000007bee00000,0x00000007bee00000,0x00000007bee80000)
 ParOldGen       total 38400K, used 31166K [0x0000000780000000, 0x0000000782580000, 0x00000007aab00000)
  object space 38400K, 81% used [0x0000000780000000,0x0000000781e6f820,0x0000000782580000)
 Metaspace       used 46424K, capacity 48456K, committed 48508K, reserved 1091584K
  class space    used 6126K, capacity 6518K, committed 6524K, reserved 1048576K
Event: 227.965 GC heap after
Heap after GC invocations=229 (full 2):
 PSYoungGen      total 207872K, used 480K [0x00000007aab00000, 0x00000007bef00000, 0x00000007c0000000)
  eden space 207360K, 0% used [0x00000007aab00000,0x00000007aab00000,0x00000007b7580000)
  from space 512K, 93% used [0x00000007bee00000,0x00000007bee780c8,0x00000007bee80000)
  to   space 512K, 0% used [0x00000007bee80000,0x00000007bee80000,0x00000007bef00000)
 ParOldGen       total 38400K, used 32703K [0x0000000780000000, 0x0000000782580000, 0x00000007aab00000)
  object space 38400K, 85% used [0x0000000780000000,0x0000000781fefcf8,0x0000000782580000)
 Metaspace       used 46424K, capacity 48456K, committed 48508K, reserved 1091584K
  class space    used 6126K, capacity 6518K, committed 6524K, reserved 1048576K
}
Event: 229.131 GC heap before
{Heap before GC invocations=230 (full 2):
 PSYoungGen      total 207872K, used 207840K [0x00000007aab00000, 0x00000007bef00000, 0x00000007c0000000)
  eden space 207360K, 100% used [0x00000007aab00000,0x00000007b7580000,0x00000007b7580000)
  from space 512K, 93% used [0x00000007bee00000,0x00000007bee780c8,0x00000007bee80000)
  to   space 512K, 0% used [0x00000007bee80000,0x00000007bee80000,0x00000007bef00000)
 ParOldGen       total 38400K, used 32703K [0x0000000780000000, 0x0000000782580000, 0x00000007aab00000)
  object space 38400K, 85% used [0x0000000780000000,0x0000000781fefcf8,0x0000000782580000)
 Metaspace       used 46457K, capacity 48456K, committed 48508K, reserved 1091584K
  class space    used 6129K, capacity 6518K, committed 6524K, reserved 1048576K
Event: 229.143 GC heap after
Heap after GC invocations=230 (full 2):
 PSYoungGen      total 198656K, used 387K [0x00000007aab00000, 0x00000007bef00000, 0x00000007c0000000)
  eden space 198144K, 0% used [0x00000007aab00000,0x00000007aab00000,0x00000007b6c80000)
  from space 512K, 75% used [0x00000007bee80000,0x00000007beee0e40,0x00000007bef00000)
  to   space 1536K, 0% used [0x00000007bec00000,0x00000007bec00000,0x00000007bed80000)
 ParOldGen       total 38400K, used 33199K [0x0000000780000000, 0x0000000782580000, 0x00000007aab00000)
  object space 38400K, 86% used [0x0000000780000000,0x000000078206be00,0x0000000782580000)
 Metaspace       used 46457K, capacity 48456K, committed 48508K, reserved 1091584K
  class space    used 6129K, capacity 6518K, committed 6524K, reserved 1048576K
}
Event: 230.151 GC heap before
{Heap before GC invocations=231 (full 2):
 PSYoungGen      total 198656K, used 198531K [0x00000007aab00000, 0x00000007bef00000, 0x00000007c0000000)
  eden space 198144K, 100% used [0x00000007aab00000,0x00000007b6c80000,0x00000007b6c80000)
  from space 512K, 75% used [0x00000007bee80000,0x00000007beee0e40,0x00000007bef00000)
  to   space 1536K, 0% used [0x00000007bec00000,0x00000007bec00000,0x00000007bed80000)
 ParOldGen       total 38400K, used 33199K [0x0000000780000000, 0x0000000782580000, 0x00000007aab00000)
  object space 38400K, 86% used [0x0000000780000000,0x000000078206be00,0x0000000782580000)
 Metaspace       used 46463K, capacity 48456K, committed 48508K, reserved 1091584K
  class space    used 6131K, capacity 6518K, committed 6524K, reserved 1048576K
Event: 230.154 GC heap after
Heap after GC invocations=231 (full 2):
 PSYoungGen      total 190976K, used 292K [0x00000007aab00000, 0x00000007bef00000, 0x00000007c0000000)
  eden space 189440K, 0% used [0x00000007aab00000,0x00000007aab00000,0x00000007b6400000)
  from space 1536K, 19% used [0x00000007bec00000,0x00000007bec490c0,0x00000007bed80000)
  to   space 1024K, 0% used [0x00000007bee00000,0x00000007bee00000,0x00000007bef00000)
 ParOldGen       total 38400K, used 33355K [0x0000000780000000, 0x0000000782580000, 0x00000007aab00000)
  object space 38400K, 86% used [0x0000000780000000,0x0000000782092c30,0x0000000782580000)
 Metaspace       used 46463K, capacity 48456K, committed 48508K, reserved 1091584K
  class space    used 6131K, capacity 6518K, committed 6524K, reserved 1048576K
}
Event: 230.811 GC heap before
{Heap before GC invocations=232 (full 2):
 PSYoungGen      total 190976K, used 189732K [0x00000007aab00000, 0x00000007bef00000, 0x00000007c0000000)
  eden space 189440K, 100% used [0x00000007aab00000,0x00000007b6400000,0x00000007b6400000)
  from space 1536K, 19% used [0x00000007bec00000,0x00000007bec490c0,0x00000007bed80000)
  to   space 1024K, 0% used [0x00000007bee00000,0x00000007bee00000,0x00000007bef00000)
 ParOldGen       total 38400K, used 33355K [0x0000000780000000, 0x0000000782580000, 0x00000007aab00000)
  object space 38400K, 86% used [0x0000000780000000,0x0000000782092c30,0x0000000782580000)
 Metaspace       used 46481K, capacity 48456K, committed 48508K, reserved 1091584K
  class space    used 6135K, capacity 6518K, committed 6524K, reserved 1048576K
Event: 230.814 GC heap after
Heap after GC invocations=232 (full 2):
 PSYoungGen      total 181760K, used 422K [0x00000007aab00000, 0x00000007bee80000, 0x00000007c0000000)
  eden space 181248K, 0% used [0x00000007aab00000,0x00000007aab00000,0x00000007b5c00000)
  from space 512K, 82% used [0x00000007bee00000,0x00000007bee69b90,0x00000007bee80000)
  to   space 1024K, 0% used [0x00000007bec80000,0x00000007bec80000,0x00000007bed80000)
 ParOldGen       total 38400K, used 33371K [0x0000000780000000, 0x0000000782580000, 0x00000007aab00000)
  object space 38400K, 86% used [0x0000000780000000,0x0000000782096c30,0x0000000782580000)
 Metaspace       used 46481K, capacity 48456K, committed 48508K, reserved 1091584K
  class space    used 6135K, capacity 6518K, committed 6524K, reserved 1048576K
}
Event: 231.491 GC heap before
{Heap before GC invocations=233 (full 2):
 PSYoungGen      total 181760K, used 181670K [0x00000007aab00000, 0x00000007bee80000, 0x00000007c0000000)
  eden space 181248K, 100% used [0x00000007aab00000,0x00000007b5c00000,0x00000007b5c00000)
  from space 512K, 82% used [0x00000007bee00000,0x00000007bee69b90,0x00000007bee80000)
  to   space 1024K, 0% used [0x00000007bec80000,0x00000007bec80000,0x00000007bed80000)
 ParOldGen       total 38400K, used 33371K [0x0000000780000000, 0x0000000782580000, 0x00000007aab00000)
  object space 38400K, 86% used [0x0000000780000000,0x0000000782096c30,0x0000000782580000)
 Metaspace       used 46501K, capacity 48552K, committed 48892K, reserved 1091584K
  class space    used 6137K, capacity 6550K, committed 6652K, reserved 1048576K
Event: 231.494 GC heap after
Heap after GC invocations=233 (full 2):
 PSYoungGen      total 174080K, used 423K [0x00000007aab00000, 0x00000007bee80000, 0x00000007c0000000)
  eden space 173056K, 0% used [0x00000007aab00000,0x00000007aab00000,0x00000007b5400000)
  from space 1024K, 41% used [0x00000007bec80000,0x00000007bece9cf0,0x00000007bed80000)
  to   space 1024K, 0% used [0x00000007bed80000,0x00000007bed80000,0x00000007bee80000)
 ParOldGen       total 38400K, used 33395K [0x0000000780000000, 0x0000000782580000, 0x00000007aab00000)
  object space 38400K, 86% used [0x0000000780000000,0x000000078209cc30,0x0000000782580000)
 Metaspace       used 46501K, capacity 48552K, committed 48892K, reserved 1091584K
  class space    used 6137K, capacity 6550K, committed 6652K, reserved 1048576K
}

Deoptimization events (10 events):
Event: 225.298 Thread 0x00007fcae0808800 Uncommon trap: reason=unstable_if action=reinterpret pc=0x000000011696e9dc method=java.lang.CharacterDataLatin1.digit(II)I @ 82
Event: 225.305 Thread 0x00007fcae0808800 Uncommon trap: reason=bimorphic action=maybe_recompile pc=0x000000011701c7ec method=java.util.Properties$LineReader.readLine()I @ 410
Event: 226.416 Thread 0x00007fcae0808800 Uncommon trap: reason=bimorphic action=maybe_recompile pc=0x0000000116f56a20 method=java.nio.charset.CharsetDecoder.replaceWith(Ljava/lang/String;)Ljava/nio/charset/CharsetDecoder; @ 63
Event: 226.433 Thread 0x00007fcae0808800 Uncommon trap: reason=bimorphic action=maybe_recompile pc=0x0000000116f56a20 method=java.nio.charset.CharsetDecoder.replaceWith(Ljava/lang/String;)Ljava/nio/charset/CharsetDecoder; @ 63
Event: 226.730 Thread 0x00007fcae0808800 Uncommon trap: reason=bimorphic action=maybe_recompile pc=0x0000000116f56a20 method=java.nio.charset.CharsetDecoder.replaceWith(Ljava/lang/String;)Ljava/nio/charset/CharsetDecoder; @ 63
Event: 226.792 Thread 0x00007fcae0808800 Uncommon trap: reason=unstable_if action=reinterpret pc=0x0000000116eda6c4 method=sun.misc.ASCIICaseInsensitiveComparator.compare(Ljava/lang/String;Ljava/lang/String;)I @ 83
Event: 226.823 Thread 0x00007fcae0808800 Uncommon trap: reason=unstable_if action=reinterpret pc=0x0000000117160888 method=java.util.TreeMap.put(Ljava/lang/Object;Ljava/lang/Object;)Ljava/lang/Object; @ 163
Event: 231.510 Thread 0x00007fcae0808800 Uncommon trap: reason=unstable_if action=reinterpret pc=0x00000001175bfe04 method=org.apache.catalina.webresources.AbstractArchiveResource.getContent()[B @ 77
Event: 231.510 Thread 0x00007fcae0808800 Uncommon trap: reason=unstable_if action=reinterpret pc=0x000000011749f804 method=org.apache.catalina.loader.WebappClassLoaderBase.findClassInternal(Ljava/lang/String;)Ljava/lang/Class; @ 235
Event: 231.534 Thread 0x00007fcae0808800 Uncommon trap: reason=unstable_if action=reinterpret pc=0x00000001173af078 method=org.springframework.util.ConcurrentReferenceHashMap$Segment.clear()V @ 7

Classes redefined (0 events):
No events

Internal exceptions (10 events):
Event: 128.627 Thread 0x00007fcae0808800 Implicit null exception at 0x0000000116fd5c55 to 0x0000000116fd61f0
Event: 128.627 Thread 0x00007fcae0808800 Exception <a 'java/lang/NullPointerException'> (0x00000007ad080320) thrown at [/Users/java_re/workspace/8-2-build-macosx-x86_64/jdk8u221/13320/hotspot/src/share/vm/runtime/sharedRuntime.cpp, line 605]
Event: 129.785 Thread 0x00007fcae0808800 Implicit null exception at 0x000000011751c8b0 to 0x000000011751f632
Event: 129.785 Thread 0x00007fcae0808800 Implicit null exception at 0x00000001170d0497 to 0x00000001170d0619
Event: 231.510 Thread 0x00007fcae0808800 Exception <a 'java/util/zip/ZipException'> (0x00000007ab5436b0) thrown at [/Users/java_re/workspace/8-2-build-macosx-x86_64/jdk8u221/13320/hotspot/src/share/vm/prims/jni.cpp, line 710]
Event: 231.510 Thread 0x00007fcae0808800 Implicit null exception at 0x000000011749523f to 0x000000011749f7d1
Event: 231.511 Thread 0x00007fcae0808800 Exception <a 'java/lang/NoClassDefFoundError': org/hibernate/dialect/Dialect$3> (0x00000007ab549488) thrown at [/Users/java_re/workspace/8-2-build-macosx-x86_64/jdk8u221/13320/hotspot/src/share/vm/classfile/systemDictionary.cpp, line 199]
Event: 231.511 Thread 0x00007fcae0808800 Exception <a 'java/lang/NoClassDefFoundError'> (0x00000007ab549488) thrown at [/Users/java_re/workspace/8-2-build-macosx-x86_64/jdk8u221/13320/hotspot/src/share/vm/oops/instanceKlass.cpp, line 959]
Event: 231.511 Thread 0x00007fcae0808800 Exception <a 'java/lang/NoClassDefFoundError'> (0x00000007ab549488) thrown at [/Users/java_re/workspace/8-2-build-macosx-x86_64/jdk8u221/13320/hotspot/src/share/vm/oops/instanceKlass.cpp, line 915]
Event: 231.511 Thread 0x00007fcae0808800 Exception <a 'java/lang/NoClassDefFoundError'> (0x00000007ab549488) thrown at [/Users/java_re/workspace/8-2-build-macosx-x86_64/jdk8u221/13320/hotspot/src/share/vm/oops/instanceKlass.cpp, line 915]

Events (10 events):
Event: 231.510 Thread 0x00007fcae0808800 DEOPT PACKING pc=0x00000001175bfe04 sp=0x000070000abf7970
Event: 231.510 Thread 0x00007fcae0808800 DEOPT UNPACKING pc=0x00000001166f873a sp=0x000070000abf7938 mode 2
Event: 231.510 Thread 0x00007fcae0808800 Uncommon trap: trap_request=0xffffff65 fr.pc=0x000000011749f804
Event: 231.510 Thread 0x00007fcae0808800 DEOPT PACKING pc=0x000000011749f804 sp=0x000070000abf7a00
Event: 231.510 Thread 0x00007fcae0808800 DEOPT UNPACKING pc=0x00000001166f873a sp=0x000070000abf7a08 mode 2
Event: 231.510 loading class org/hibernate/dialect/Dialect$3
Event: 231.510 loading class org/hibernate/dialect/Dialect$3 done
Event: 231.534 Thread 0x00007fcae0808800 Uncommon trap: trap_request=0xffffff65 fr.pc=0x00000001173af078
Event: 231.534 Thread 0x00007fcae0808800 DEOPT PACKING pc=0x00000001173af078 sp=0x000070000abfa920
Event: 231.534 Thread 0x00007fcae0808800 DEOPT UNPACKING pc=0x00000001166f873a sp=0x000070000abfa8d8 mode 2


Dynamic libraries:
0x00007fff4f0ee000 	/System/Library/Frameworks/Cocoa.framework/Versions/A/Cocoa
0x00007fff5ae93000 	/System/Library/Frameworks/Security.framework/Versions/A/Security
0x00007fff4dd81000 	/System/Library/Frameworks/ApplicationServices.framework/Versions/A/ApplicationServices
0x00007fff7af81000 	/usr/lib/libz.1.dylib
0x00007fff788db000 	/usr/lib/libSystem.B.dylib
0x00007fff7a112000 	/usr/lib/libobjc.A.dylib
0x00007fff4f963000 	/System/Library/Frameworks/CoreFoundation.framework/Versions/A/CoreFoundation
0x00007fff51be6000 	/System/Library/Frameworks/Foundation.framework/Versions/C/Foundation
0x00007fff4cf7a000 	/System/Library/Frameworks/AppKit.framework/Versions/C/AppKit
0x00007fff4f4ec000 	/System/Library/Frameworks/CoreData.framework/Versions/A/CoreData
0x00007fff723a1000 	/System/Library/PrivateFrameworks/RemoteViewServices.framework/Versions/A/RemoteViewServices
0x00007fff76618000 	/System/Library/PrivateFrameworks/UIFoundation.framework/Versions/A/UIFoundation
0x00007fff77cfc000 	/System/Library/PrivateFrameworks/XCTTargetBootstrap.framework/Versions/A/XCTTargetBootstrap
0x00007fff4f872000 	/System/Library/Frameworks/CoreDisplay.framework/Versions/A/CoreDisplay
0x00007fff6d0db000 	/System/Library/PrivateFrameworks/IconServices.framework/Versions/A/IconServices
0x00007fff54507000 	/System/Library/Frameworks/Metal.framework/Versions/A/Metal
0x00007fff6461e000 	/System/Library/PrivateFrameworks/DesktopServicesPriv.framework/Versions/A/DesktopServicesPriv
0x00007fff79475000 	/usr/lib/libenergytrace.dylib
0x00007fff74aff000 	/System/Library/PrivateFrameworks/SkyLight.framework/Versions/A/SkyLight
0x00007fff4fdaa000 	/System/Library/Frameworks/CoreGraphics.framework/Versions/A/CoreGraphics
0x00007fff4bd46000 	/System/Library/Frameworks/Accelerate.framework/Versions/A/Accelerate
0x00007fff5232f000 	/System/Library/Frameworks/IOSurface.framework/Versions/A/IOSurface
0x00007fff6448a000 	/System/Library/PrivateFrameworks/DFRFoundation.framework/Versions/A/DFRFoundation
0x00007fff4e264000 	/System/Library/Frameworks/AudioToolbox.framework/Versions/A/AudioToolbox
0x00007fff4e4dd000 	/System/Library/Frameworks/AudioUnit.framework/Versions/A/AudioUnit
0x00007fff6451f000 	/System/Library/PrivateFrameworks/DataDetectorsCore.framework/Versions/A/DataDetectorsCore
0x00007fff4ebf1000 	/System/Library/Frameworks/Carbon.framework/Versions/A/Frameworks/HIToolbox.framework/Versions/A/HIToolbox
0x00007fff795ce000 	/usr/lib/libicucore.A.dylib
0x00007fff5a406000 	/System/Library/Frameworks/QuartzCore.framework/Versions/A/QuartzCore
0x00007fff4efc6000 	/System/Library/Frameworks/Carbon.framework/Versions/A/Frameworks/SpeechRecognition.framework/Versions/A/SpeechRecognition
0x00007fff78a2f000 	/usr/lib/libauto.dylib
0x00007fff7ae75000 	/usr/lib/libxml2.2.dylib
0x00007fff64065000 	/System/Library/PrivateFrameworks/CoreUI.framework/Versions/A/CoreUI
0x00007fff4f3d7000 	/System/Library/Frameworks/CoreAudio.framework/Versions/A/CoreAudio
0x00007fff51a1b000 	/System/Library/Frameworks/DiskArbitration.framework/Versions/A/DiskArbitration
0x00007fff7987c000 	/usr/lib/liblangid.dylib
0x00007fff6e4e6000 	/System/Library/PrivateFrameworks/MultitouchSupport.framework/Versions/A/MultitouchSupport
0x00007fff5229e000 	/System/Library/Frameworks/IOKit.framework/Versions/A/IOKit
0x00007fff7849b000 	/usr/lib/libDiagnosticMessagesClient.dylib
0x00007fff50bb9000 	/System/Library/Frameworks/CoreServices.framework/Versions/A/CoreServices
0x00007fff701a0000 	/System/Library/PrivateFrameworks/PerformanceAnalysis.framework/Versions/A/PerformanceAnalysis
0x00007fff595f4000 	/System/Library/Frameworks/OpenGL.framework/Versions/A/OpenGL
0x00007fff4f0fc000 	/System/Library/Frameworks/ColorSync.framework/Versions/A/ColorSync
0x00007fff5043b000 	/System/Library/Frameworks/CoreImage.framework/Versions/A/CoreImage
0x00007fff51591000 	/System/Library/Frameworks/CoreText.framework/Versions/A/CoreText
0x00007fff52392000 	/System/Library/Frameworks/ImageIO.framework/Versions/A/ImageIO
0x00007fff606b7000 	/System/Library/PrivateFrameworks/Backup.framework/Versions/A/Backup
0x00007fff78982000 	/usr/lib/libarchive.2.dylib
0x00007fff4e836000 	/System/Library/Frameworks/CFNetwork.framework/Versions/A/CFNetwork
0x00007fff5b5ef000 	/System/Library/Frameworks/SystemConfiguration.framework/Versions/A/SystemConfiguration
0x00007fff783cc000 	/usr/lib/libCRFSuite.dylib
0x00007fff78b1e000 	/usr/lib/libc++.1.dylib
0x00007fff78b72000 	/usr/lib/libc++abi.dylib
0x00007fff7b777000 	/usr/lib/system/libcache.dylib
0x00007fff7b77c000 	/usr/lib/system/libcommonCrypto.dylib
0x00007fff7b787000 	/usr/lib/system/libcompiler_rt.dylib
0x00007fff7b78f000 	/usr/lib/system/libcopyfile.dylib
0x00007fff7b799000 	/usr/lib/system/libcorecrypto.dylib
0x00007fff7b8a4000 	/usr/lib/system/libdispatch.dylib
0x00007fff7b8de000 	/usr/lib/system/libdyld.dylib
0x00007fff7b90b000 	/usr/lib/system/libkeymgr.dylib
0x00007fff7b919000 	/usr/lib/system/liblaunch.dylib
0x00007fff7b91a000 	/usr/lib/system/libmacho.dylib
0x00007fff7b920000 	/usr/lib/system/libquarantine.dylib
0x00007fff7b923000 	/usr/lib/system/libremovefile.dylib
0x00007fff7b925000 	/usr/lib/system/libsystem_asl.dylib
0x00007fff7b93d000 	/usr/lib/system/libsystem_blocks.dylib
0x00007fff7b93e000 	/usr/lib/system/libsystem_c.dylib
0x00007fff7b9c6000 	/usr/lib/system/libsystem_configuration.dylib
0x00007fff7b9ca000 	/usr/lib/system/libsystem_coreservices.dylib
0x00007fff7b9ce000 	/usr/lib/system/libsystem_darwin.dylib
0x00007fff7b9d5000 	/usr/lib/system/libsystem_dnssd.dylib
0x00007fff7b9dc000 	/usr/lib/system/libsystem_info.dylib
0x00007fff7ba51000 	/usr/lib/system/libsystem_m.dylib
0x00007fff7ba9d000 	/usr/lib/system/libsystem_malloc.dylib
0x00007fff7bac8000 	/usr/lib/system/libsystem_networkextension.dylib
0x00007fff7bad3000 	/usr/lib/system/libsystem_notify.dylib
0x00007fff7baf0000 	/usr/lib/system/libsystem_sandbox.dylib
0x00007fff7baf4000 	/usr/lib/system/libsystem_secinit.dylib
0x00007fff7ba28000 	/usr/lib/system/libsystem_kernel.dylib
0x00007fff7badb000 	/usr/lib/system/libsystem_platform.dylib
0x00007fff7bae5000 	/usr/lib/system/libsystem_pthread.dylib
0x00007fff7baf7000 	/usr/lib/system/libsystem_symptoms.dylib
0x00007fff7baff000 	/usr/lib/system/libsystem_trace.dylib
0x00007fff7bb16000 	/usr/lib/system/libunwind.dylib
0x00007fff7bb1c000 	/usr/lib/system/libxpc.dylib
0x00007fff78aff000 	/usr/lib/libbsm.0.dylib
0x00007fff7b90c000 	/usr/lib/system/libkxld.dylib
0x00007fff5faa8000 	/System/Library/PrivateFrameworks/AppleFSCompression.framework/Versions/A/AppleFSCompression
0x00007fff7879b000 	/usr/lib/libOpenScriptingUtil.dylib
0x00007fff78e27000 	/usr/lib/libcoretls.dylib
0x00007fff78e3e000 	/usr/lib/libcoretls_cfhelpers.dylib
0x00007fff7a8a9000 	/usr/lib/libpam.2.dylib
0x00007fff7aa69000 	/usr/lib/libsqlite3.dylib
0x00007fff7ae63000 	/usr/lib/libxar.1.dylib
0x00007fff78b10000 	/usr/lib/libbz2.1.0.dylib
0x00007fff7987e000 	/usr/lib/liblzma.5.dylib
0x00007fff79d2f000 	/usr/lib/libnetwork.dylib
0x00007fff7896b000 	/usr/lib/libapple_nghttp2.dylib
0x00007fff7a8b0000 	/usr/lib/libpcap.A.dylib
0x00007fff50f58000 	/System/Library/Frameworks/CoreServices.framework/Versions/A/Frameworks/FSEvents.framework/Versions/A/FSEvents
0x00007fff50c37000 	/System/Library/Frameworks/CoreServices.framework/Versions/A/Frameworks/CarbonCore.framework/Versions/A/CarbonCore
0x00007fff51113000 	/System/Library/Frameworks/CoreServices.framework/Versions/A/Frameworks/Metadata.framework/Versions/A/Metadata
0x00007fff511b2000 	/System/Library/Frameworks/CoreServices.framework/Versions/A/Frameworks/OSServices.framework/Versions/A/OSServices
0x00007fff511fd000 	/System/Library/Frameworks/CoreServices.framework/Versions/A/Frameworks/SearchKit.framework/Versions/A/SearchKit
0x00007fff50bba000 	/System/Library/Frameworks/CoreServices.framework/Versions/A/Frameworks/AE.framework/Versions/A/AE
0x00007fff50f61000 	/System/Library/Frameworks/CoreServices.framework/Versions/A/Frameworks/LaunchServices.framework/Versions/A/LaunchServices
0x00007fff50f0f000 	/System/Library/Frameworks/CoreServices.framework/Versions/A/Frameworks/DictionaryServices.framework/Versions/A/DictionaryServices
0x00007fff51265000 	/System/Library/Frameworks/CoreServices.framework/Versions/A/Frameworks/SharedFileList.framework/Versions/A/SharedFileList
0x00007fff555cf000 	/System/Library/Frameworks/NetFS.framework/Versions/A/NetFS
0x00007fff6e74c000 	/System/Library/PrivateFrameworks/NetAuth.framework/Versions/A/NetAuth
0x00007fff78100000 	/System/Library/PrivateFrameworks/login.framework/Versions/A/Frameworks/loginsupport.framework/Versions/A/loginsupport
0x00007fff76221000 	/System/Library/PrivateFrameworks/TCC.framework/Versions/A/TCC
0x00007fff636c2000 	/System/Library/PrivateFrameworks/CoreNLP.framework/Versions/A/CoreNLP
0x00007fff6e1e1000 	/System/Library/PrivateFrameworks/MetadataUtilities.framework/Versions/A/MetadataUtilities
0x00007fff79953000 	/usr/lib/libmecabra.dylib
0x00007fff4dd82000 	/System/Library/Frameworks/ApplicationServices.framework/Versions/A/Frameworks/ATS.framework/Versions/A/ATS
0x00007fff4e0d1000 	/System/Library/Frameworks/ApplicationServices.framework/Versions/A/Frameworks/ColorSyncLegacy.framework/Versions/A/ColorSyncLegacy
0x00007fff4e170000 	/System/Library/Frameworks/ApplicationServices.framework/Versions/A/Frameworks/HIServices.framework/Versions/A/HIServices
0x00007fff4e1c3000 	/System/Library/Frameworks/ApplicationServices.framework/Versions/A/Frameworks/LangAnalysis.framework/Versions/A/LangAnalysis
0x00007fff4e1d3000 	/System/Library/Frameworks/ApplicationServices.framework/Versions/A/Frameworks/PrintCore.framework/Versions/A/PrintCore
0x00007fff4e21d000 	/System/Library/Frameworks/ApplicationServices.framework/Versions/A/Frameworks/QD.framework/Versions/A/QD
0x00007fff4e257000 	/System/Library/Frameworks/ApplicationServices.framework/Versions/A/Frameworks/SpeechSynthesis.framework/Versions/A/SpeechSynthesis
0x00007fff78b9a000 	/usr/lib/libcompression.dylib
0x00007fff547d7000 	/System/Library/Frameworks/MetalPerformanceShaders.framework/Versions/A/MetalPerformanceShaders
0x00007fff4bd5e000 	/System/Library/Frameworks/Accelerate.framework/Versions/A/Frameworks/vImage.framework/Versions/A/vImage
0x00007fff4cdd8000 	/System/Library/Frameworks/Accelerate.framework/Versions/A/Frameworks/vecLib.framework/Versions/A/vecLib
0x00007fff4cd24000 	/System/Library/Frameworks/Accelerate.framework/Versions/A/Frameworks/vecLib.framework/Versions/A/libvMisc.dylib
0x00007fff4cb3c000 	/System/Library/Frameworks/Accelerate.framework/Versions/A/Frameworks/vecLib.framework/Versions/A/libvDSP.dylib
0x00007fff4c3f8000 	/System/Library/Frameworks/Accelerate.framework/Versions/A/Frameworks/vecLib.framework/Versions/A/libBLAS.dylib
0x00007fff4c6e5000 	/System/Library/Frameworks/Accelerate.framework/Versions/A/Frameworks/vecLib.framework/Versions/A/libLAPACK.dylib
0x00007fff4ca8f000 	/System/Library/Frameworks/Accelerate.framework/Versions/A/Frameworks/vecLib.framework/Versions/A/libLinearAlgebra.dylib
0x00007fff4cb28000 	/System/Library/Frameworks/Accelerate.framework/Versions/A/Frameworks/vecLib.framework/Versions/A/libSparseBLAS.dylib
0x00007fff4caa5000 	/System/Library/Frameworks/Accelerate.framework/Versions/A/Frameworks/vecLib.framework/Versions/A/libQuadrature.dylib
0x00007fff4c672000 	/System/Library/Frameworks/Accelerate.framework/Versions/A/Frameworks/vecLib.framework/Versions/A/libBNNS.dylib
0x00007fff4caab000 	/System/Library/Frameworks/Accelerate.framework/Versions/A/Frameworks/vecLib.framework/Versions/A/libSparse.dylib
0x00007fff6aa10000 	/System/Library/PrivateFrameworks/GPUWrangler.framework/Versions/A/GPUWrangler
0x00007fff6cd10000 	/System/Library/PrivateFrameworks/IOAccelerator.framework/Versions/A/IOAccelerator
0x00007fff6cd1b000 	/System/Library/PrivateFrameworks/IOPresentment.framework/Versions/A/IOPresentment
0x00007fff6449a000 	/System/Library/PrivateFrameworks/DSExternalDisplay.framework/Versions/A/DSExternalDisplay
0x00007fff58a4b000 	/System/Library/Frameworks/OpenGL.framework/Versions/A/Libraries/libCoreFSCache.dylib
0x00007fff545cb000 	/System/Library/Frameworks/MetalPerformanceShaders.framework/Frameworks/MPSCore.framework/Versions/A/MPSCore
0x00007fff545eb000 	/System/Library/Frameworks/MetalPerformanceShaders.framework/Frameworks/MPSImage.framework/Versions/A/MPSImage
0x00007fff54690000 	/System/Library/Frameworks/MetalPerformanceShaders.framework/Frameworks/MPSNeuralNetwork.framework/Versions/A/MPSNeuralNetwork
0x00007fff54668000 	/System/Library/Frameworks/MetalPerformanceShaders.framework/Frameworks/MPSMatrix.framework/Versions/A/MPSMatrix
0x00007fff547bc000 	/System/Library/Frameworks/MetalPerformanceShaders.framework/Frameworks/MPSRayIntersector.framework/Versions/A/MPSRayIntersector
0x00007fff6e20a000 	/System/Library/PrivateFrameworks/MetalTools.framework/Versions/A/MetalTools
0x00007fff5f352000 	/System/Library/PrivateFrameworks/AggregateDictionary.framework/Versions/A/AggregateDictionary
0x00007fff7877b000 	/usr/lib/libMobileGestalt.dylib
0x00007fff516f4000 	/System/Library/Frameworks/CoreVideo.framework/Versions/A/CoreVideo
0x00007fff6b821000 	/System/Library/PrivateFrameworks/GraphVisualizer.framework/Versions/A/GraphVisualizer
0x00007fff656a0000 	/System/Library/PrivateFrameworks/FaceCore.framework/Versions/A/FaceCore
0x00007fff58079000 	/System/Library/Frameworks/OpenCL.framework/Versions/A/OpenCL
0x00007fff784d3000 	/usr/lib/libFosl_dynamic.dylib
0x00007fff6efb7000 	/System/Library/PrivateFrameworks/OTSVG.framework/Versions/A/OTSVG
0x00007fff4de86000 	/System/Library/Frameworks/ApplicationServices.framework/Versions/A/Frameworks/ATS.framework/Versions/A/Resources/libFontParser.dylib
0x00007fff4df9e000 	/System/Library/Frameworks/ApplicationServices.framework/Versions/A/Frameworks/ATS.framework/Versions/A/Resources/libFontRegistry.dylib
0x00007fff52600000 	/System/Library/Frameworks/ImageIO.framework/Versions/A/Resources/libJPEG.dylib
0x00007fff52912000 	/System/Library/Frameworks/ImageIO.framework/Versions/A/Resources/libTIFF.dylib
0x00007fff528e8000 	/System/Library/Frameworks/ImageIO.framework/Versions/A/Resources/libPng.dylib
0x00007fff5251e000 	/System/Library/Frameworks/ImageIO.framework/Versions/A/Resources/libGIF.dylib
0x00007fff52523000 	/System/Library/Frameworks/ImageIO.framework/Versions/A/Resources/libJP2.dylib
0x00007fff5290f000 	/System/Library/Frameworks/ImageIO.framework/Versions/A/Resources/libRadiance.dylib
0x00007fff5fbff000 	/System/Library/PrivateFrameworks/AppleJPEG.framework/Versions/A/AppleJPEG
0x00007fff58a56000 	/System/Library/Frameworks/OpenGL.framework/Versions/A/Libraries/libGFXShared.dylib
0x00007fff58c19000 	/System/Library/Frameworks/OpenGL.framework/Versions/A/Libraries/libGLU.dylib
0x00007fff58a5f000 	/System/Library/Frameworks/OpenGL.framework/Versions/A/Libraries/libGL.dylib
0x00007fff58a6b000 	/System/Library/Frameworks/OpenGL.framework/Versions/A/Libraries/libGLImage.dylib
0x00007fff58a48000 	/System/Library/Frameworks/OpenGL.framework/Versions/A/Libraries/libCVMSPluginSupport.dylib
0x00007fff58a51000 	/System/Library/Frameworks/OpenGL.framework/Versions/A/Libraries/libCoreVMClient.dylib
0x00007fff792eb000 	/usr/lib/libcups.2.dylib
0x00007fff53ad2000 	/System/Library/Frameworks/Kerberos.framework/Versions/A/Kerberos
0x00007fff52002000 	/System/Library/Frameworks/GSS.framework/Versions/A/GSS
0x00007fff7a9fe000 	/usr/lib/libresolv.9.dylib
0x00007fff794dd000 	/usr/lib/libiconv.2.dylib
0x00007fff6b996000 	/System/Library/PrivateFrameworks/Heimdal.framework/Versions/A/Heimdal
0x00007fff794ad000 	/usr/lib/libheimdal-asn1.dylib
0x00007fff580ed000 	/System/Library/Frameworks/OpenDirectory.framework/Versions/A/OpenDirectory
0x00007fff62425000 	/System/Library/PrivateFrameworks/CommonAuth.framework/Versions/A/CommonAuth
0x00007fff580d1000 	/System/Library/Frameworks/OpenDirectory.framework/Versions/A/Frameworks/CFOpenDirectory.framework/Versions/A/CFOpenDirectory
0x00007fff5b194000 	/System/Library/Frameworks/SecurityFoundation.framework/Versions/A/SecurityFoundation
0x00007fff5e898000 	/System/Library/PrivateFrameworks/APFS.framework/Versions/A/APFS
0x00007fff7ae5f000 	/usr/lib/libutil.dylib
0x00007fff78b88000 	/usr/lib/libcharset.1.dylib
0x00007fff5fe9c000 	/System/Library/PrivateFrameworks/AppleSauce.framework/Versions/A/AppleSauce
0x00007fff6001d000 	/System/Library/PrivateFrameworks/AssertionServices.framework/Versions/A/AssertionServices
0x00007fff6074d000 	/System/Library/PrivateFrameworks/BaseBoard.framework/Versions/A/BaseBoard
0x00007fff798ae000 	/usr/lib/libmecab.1.0.0.dylib
0x00007fff794a7000 	/usr/lib/libgermantok.dylib
0x00007fff78958000 	/usr/lib/libThaiTokenizer.dylib
0x00007fff78403000 	/usr/lib/libChineseTokenizer.dylib
0x00007fff6d3c8000 	/System/Library/PrivateFrameworks/LanguageModeling.framework/Versions/A/LanguageModeling
0x00007fff63107000 	/System/Library/PrivateFrameworks/CoreEmoji.framework/Versions/A/CoreEmoji
0x00007fff6d4a4000 	/System/Library/PrivateFrameworks/Lexicon.framework/Versions/A/Lexicon
0x00007fff6d4e7000 	/System/Library/PrivateFrameworks/LinguisticData.framework/Versions/A/LinguisticData
0x00007fff78b89000 	/usr/lib/libcmph.dylib
0x00007fff5b252000 	/System/Library/Frameworks/ServiceManagement.framework/Versions/A/ServiceManagement
0x00007fff606ae000 	/System/Library/PrivateFrameworks/BackgroundTaskManagement.framework/Versions/A/BackgroundTaskManagement
0x00007fff7af58000 	/usr/lib/libxslt.1.dylib
0x00007fff4eef3000 	/System/Library/Frameworks/Carbon.framework/Versions/A/Frameworks/Ink.framework/Versions/A/Ink
0x00007fff76493000 	/System/Library/PrivateFrameworks/TextureIO.framework/Versions/A/TextureIO
0x00007fff789ac000 	/usr/lib/libate.dylib
0x00007fff643e9000 	/System/Library/PrivateFrameworks/CrashReporterSupport.framework/Versions/A/CrashReporterSupport
0x00007fff73bcd000 	/System/Library/PrivateFrameworks/Sharing.framework/Versions/A/Sharing
0x00007fff60400000 	/System/Library/PrivateFrameworks/AuthKit.framework/Versions/A/AuthKit
0x00007fff5f954000 	/System/Library/PrivateFrameworks/Apple80211.framework/Versions/A/Apple80211
0x00007fff64191000 	/System/Library/PrivateFrameworks/CoreUtils.framework/Versions/A/CoreUtils
0x00007fff51735000 	/System/Library/Frameworks/CoreWLAN.framework/Versions/A/CoreWLAN
0x00007fff52131000 	/System/Library/Frameworks/IOBluetooth.framework/Versions/A/IOBluetooth
0x00007fff72041000 	/System/Library/PrivateFrameworks/ProtocolBuffer.framework/Versions/A/ProtocolBuffer
0x00007fff6e442000 	/System/Library/PrivateFrameworks/MobileKeyBag.framework/Versions/A/MobileKeyBag
0x00007fff639d5000 	/System/Library/PrivateFrameworks/CorePhoneNumbers.framework/Versions/A/CorePhoneNumbers
0x00007fff5fbb3000 	/System/Library/PrivateFrameworks/AppleIDAuthSupport.framework/Versions/A/AppleIDAuthSupport
0x00007fff6d39b000 	/System/Library/PrivateFrameworks/KeychainCircle.framework/Versions/A/KeychainCircle
0x00007fff721f7000 	/System/Library/PrivateFrameworks/ROCKit.framework/Versions/A/ROCKit
0x00007fff64385000 	/System/Library/PrivateFrameworks/CoreWiFi.framework/Versions/A/CoreWiFi
0x00007fff4f4c1000 	/System/Library/Frameworks/CoreBluetooth.framework/Versions/A/CoreBluetooth
0x00007fff645e0000 	/System/Library/PrivateFrameworks/DebugSymbols.framework/Versions/A/DebugSymbols
0x00007fff63f51000 	/System/Library/PrivateFrameworks/CoreSymbolication.framework/Versions/A/CoreSymbolication
0x00007fff75cae000 	/System/Library/PrivateFrameworks/Symbolication.framework/Versions/A/Symbolication
0x00007fff75551000 	/System/Library/PrivateFrameworks/SpeechRecognitionCore.framework/Versions/A/SpeechRecognitionCore
0x000000010d000000 	/Library/Java/JavaVirtualMachines/jdk1.8.0_221.jdk/Contents/Home/jre/lib/server/libjvm.dylib
0x00007fff7ad3a000 	/usr/lib/libstdc++.6.dylib
0x000000010c6ab000 	/Library/Java/JavaVirtualMachines/jdk1.8.0_221.jdk/Contents/Home/jre/lib/libverify.dylib
0x000000010c6b9000 	/Library/Java/JavaVirtualMachines/jdk1.8.0_221.jdk/Contents/Home/jre/lib/libjava.dylib
0x000000010c739000 	/Library/Java/JavaVirtualMachines/jdk1.8.0_221.jdk/Contents/Home/jre/lib/libzip.dylib
0x000000011235f000 	/Library/Java/JavaVirtualMachines/jdk1.8.0_221.jdk/Contents/Home/jre/lib/libnio.dylib
0x000000011236f000 	/Library/Java/JavaVirtualMachines/jdk1.8.0_221.jdk/Contents/Home/jre/lib/./libnet.dylib
0x0000000112489000 	/Library/Java/JavaVirtualMachines/jdk1.8.0_221.jdk/Contents/Home/jre/lib/libmanagement.dylib
0x00000001124c7000 	/Library/Java/JavaVirtualMachines/jdk1.8.0_221.jdk/Contents/Home/jre/lib/libsunec.dylib

VM Arguments:
jvm_args: -Djava.util.logging.config.file=/Users/zuz/Desktop/tomcat/conf/logging.properties -Djava.util.logging.manager=org.apache.juli.ClassLoaderLogManager -Djdk.tls.ephemeralDHKeySize=2048 -Djava.protocol.handler.pkgs=org.apache.catalina.webresources -Dorg.apache.catalina.security.SecurityListener.UMASK=0027 -Dignore.endorsed.dirs= -Dcatalina.base=/Users/zuz/Desktop/tomcat -Dcatalina.home=/Users/zuz/Desktop/tomcat -Djava.io.tmpdir=/Users/zuz/Desktop/tomcat/temp 
java_command: org.apache.catalina.startup.Bootstrap start
java_class_path (initial): /Users/zuz/Desktop/tomcat/bin/bootstrap.jar:/Users/zuz/Desktop/tomcat/bin/tomcat-juli.jar
Launcher Type: SUN_STANDARD

Environment Variables:
JAVA_HOME=/Library/Java/JavaVirtualMachines/jdk1.8.0_221.jdk/Contents/Home
PATH=/usr/local/bin:/usr/bin:/bin:/usr/sbin:/sbin
SHELL=/bin/bash

Signal Handlers:
SIGSEGV: [libjvm.dylib+0x5b71a7], sa_mask[0]=11111111011111110111111111111111, sa_flags=SA_ONSTACK|SA_RESTART|SA_SIGINFO
SIGBUS: [libjvm.dylib+0x5b71a7], sa_mask[0]=11111111011111110111111111111111, sa_flags=SA_RESTART|SA_SIGINFO
SIGFPE: [libjvm.dylib+0x48c8fc], sa_mask[0]=11111111011111110111111111111111, sa_flags=SA_RESTART|SA_SIGINFO
SIGPIPE: [libjvm.dylib+0x48c8fc], sa_mask[0]=11111111011111110111111111111111, sa_flags=SA_RESTART|SA_SIGINFO
SIGXFSZ: [libjvm.dylib+0x48c8fc], sa_mask[0]=11111111011111110111111111111111, sa_flags=SA_RESTART|SA_SIGINFO
SIGILL: [libjvm.dylib+0x48c8fc], sa_mask[0]=11111111011111110111111111111111, sa_flags=SA_RESTART|SA_SIGINFO
SIGUSR1: SIG_DFL, sa_mask[0]=11011111011111100000000111000110, sa_flags=none
SIGUSR2: [libjvm.dylib+0x48c41a], sa_mask[0]=00100000000000000000000000000000, sa_flags=SA_RESTART|SA_SIGINFO
SIGHUP: [libjvm.dylib+0x48a9a5], sa_mask[0]=11111111011111110111111111111111, sa_flags=SA_RESTART|SA_SIGINFO
SIGINT: SIG_IGN, sa_mask[0]=00000000000000000000000000000000, sa_flags=none
SIGTERM: [libjvm.dylib+0x48a9a5], sa_mask[0]=11111111011111110111111111111111, sa_flags=SA_RESTART|SA_SIGINFO
SIGQUIT: [libjvm.dylib+0x48a9a5], sa_mask[0]=11111111011111110111111111111111, sa_flags=SA_RESTART|SA_SIGINFO


---------------  S Y S T E M  ---------------

OS:Bsduname:Darwin 18.7.0 Darwin Kernel Version 18.7.0: Tue Aug 20 16:57:14 PDT 2019; root:xnu-4903.271.2~2/RELEASE_X86_64 x86_64
rlimit: STACK 8192k, CORE 0k, NPROC 709, NOFILE 10240, AS infinity
load average:2.90 3.15 2.79

CPU:total 4 (initial active 4) (2 cores per cpu, 2 threads per core) family 6 model 61 stepping 4, cmov, cx8, fxsr, mmx, sse, sse2, sse3, ssse3, sse4.1, sse4.2, popcnt, avx, avx2, aes, clmul, erms, 3dnowpref, lzcnt, ht, tsc, tscinvbit, bmi1, bmi2, adx

Memory: 4k page, physical 4194304k(78532k free)

/proc/meminfo:


vm_info: Java HotSpot(TM) 64-Bit Server VM (25.221-b11) for bsd-amd64 JRE (1.8.0_221-b11), built on Jul  4 2019 04:36:22 by "java_re" with gcc 4.2.1 (Based on Apple Inc. build 5658) (LLVM build 2336.11.00)

time: Sun Dec 15 09:59:46 2019
timezone: EST
elapsed time: 231 seconds (0d 0h 3m 51s)

